[DEBUG] 2018-09-22 21:58:40.641 [http-nio-8080-exec-4] UserDAO - users dance.builder.entity.User@347fe129
[INFO ] 2018-09-22 22:00:09.719 [http-nio-8080-exec-5] DanceDAO - Dance type Waltz
[INFO ] 2018-09-22 22:18:56.132 [http-nio-8080-exec-6] DanceDAO - Dance type Waltz
[INFO ] 2018-09-22 22:20:11.150 [http-nio-8080-exec-3] DanceDAO - Dance type Waltz
[INFO ] 2018-09-22 22:21:19.125 [http-nio-8080-exec-4] DanceDAO - Dance type Waltz
[INFO ] 2018-09-22 22:29:18.302 [http-nio-8080-exec-3] DanceDAO - Dance type Waltz
[INFO ] 2018-09-22 22:30:26.116 [http-nio-8080-exec-6] DanceDAO - Dance type Waltz
[INFO ] 2018-09-22 22:39:41.051 [http-nio-8080-exec-4] DanceDAO - Dance type Waltz
[INFO ] 2018-09-22 22:40:53.485 [http-nio-8080-exec-9] DanceDAO - Dance type Waltz
[INFO ] 2018-09-22 22:42:07.061 [http-nio-8080-exec-10] DanceDAO - Dance type Waltz
[INFO ] 2018-09-22 22:42:40.502 [http-nio-8080-exec-10] DanceDAO - Dance type Waltz
[INFO ] 2018-09-22 22:42:40.792 [http-nio-8080-exec-1] DanceDAO - Dance type Waltz
[INFO ] 2018-09-22 22:43:59.214 [http-nio-8080-exec-9] DanceDAO - Dance type Waltz
[DEBUG] 2018-09-22 22:45:08.225 [main] UserDAO - Searching for user with lastName = Mike
[DEBUG] 2018-09-22 22:45:08.404 [main] UserDAO - Searching for user with lastName = J
[DEBUG] 2018-09-22 22:45:08.474 [main] UserDAO - users dance.builder.entity.User@1bfe3203
[DEBUG] 2018-09-22 22:47:25.882 [main] UserDAO - Searching for user with lastName = Mike
[DEBUG] 2018-09-22 22:47:26.065 [main] UserDAO - Searching for user with lastName = J
[DEBUG] 2018-09-22 22:47:26.154 [main] UserDAO - users dance.builder.entity.User@6e1f8469
[INFO ] 2018-09-22 22:47:48.526 [http-nio-8080-exec-2] DanceDAO - Dance type Rumba
[INFO ] 2018-09-22 22:48:28.154 [http-nio-8080-exec-4] DanceDAO - Dance type Rumba
[INFO ] 2018-09-22 22:48:43.371 [http-nio-8080-exec-5] DanceDAO - Dance type Waltz
[INFO ] 2018-09-22 22:48:49.535 [http-nio-8080-exec-6] DanceDAO - Dance type Swing
[INFO ] 2018-09-22 22:49:07.053 [http-nio-8080-exec-7] DanceDAO - Dance type Rumba
[INFO ] 2018-09-22 22:49:17.120 [http-nio-8080-exec-8] DanceDAO - Dance type Rumba
[INFO ] 2018-09-22 22:53:39.124 [http-nio-8080-exec-2] DanceDAO - Dance type Rumba
[INFO ] 2018-09-22 22:53:49.186 [http-nio-8080-exec-6] DanceDAO - Dance type Rumba
[INFO ] 2018-09-22 22:55:20.783 [http-nio-8080-exec-13] DanceDAO - Dance type Rumba
[DEBUG] 2018-09-23 21:23:33.340 [main] UserDAO - Searching for user with lastName = Mike
[DEBUG] 2018-09-23 21:23:33.700 [main] UserDAO - Searching for user with lastName = J
[DEBUG] 2018-09-23 21:23:33.791 [main] UserDAO - users dance.builder.entity.User@2b214b94
